  main.cpp
main.obj : error LNK2019: unresolved external symbol "public: __cdecl Address::Address(int,char const *,char const *)" (??0Address@@QEAA@HPEBD0@Z) referenced in function "class Address & __cdecl addAddress(void)" (?addAddress@@YAAEAVAddress@@XZ)
main.obj : error LNK2019: unresolved external symbol "public: __cdecl Address::Address(class Address const &)" (??0Address@@QEAA@AEBV0@@Z) referenced in function "public: __cdecl Ride::Ride(class Ride const &)" (??0Ride@@QEAA@AEBV0@@Z)
main.obj : error LNK2019: unresolved external symbol "public: __cdecl Address::~Address(void)" (??1Address@@QEAA@XZ) referenced in function "int `public: __cdecl Ride::Ride(class dtor$0 const &)'::`1'::dtor$0" (?dtor$0@?0???0Ride@@QEAA@AEBV0@@Z@4HA)
main.obj : error LNK2019: unresolved external symbol "public: __cdecl Payment::Payment(enum PaymentOption,int)" (??0Payment@@QEAA@W4PaymentOption@@H@Z) referenced in function "class Ride & __cdecl addRide(class TaxiCompany &,class Customer &)" (?addRide@@YAAEAVRide@@AEAVTaxiCompany@@AEAVCustomer@@@Z)
main.obj : error LNK2019: unresolved external symbol "public: bool __cdecl Payment::setOption(enum PaymentOption)" (?setOption@Payment@@QEAA_NW4PaymentOption@@@Z) referenced in function "class Ride & __cdecl addRide(class TaxiCompany &,class Customer &)" (?addRide@@YAAEAVRide@@AEAVTaxiCompany@@AEAVCustomer@@@Z)
main.obj : error LNK2019: unresolved external symbol "public: virtual __cdecl Person::~Person(void)" (??1Person@@UEAA@XZ) referenced in function "public: virtual __cdecl Customer::~Customer(void)" (??1Customer@@UEAA@XZ)
main.obj : error LNK2019: unresolved external symbol "public: __cdecl Customer::Customer(char const *,char const *,char const *)" (??0Customer@@QEAA@PEBD00@Z) referenced in function "void __cdecl addCustomer(class TaxiCompany &)" (?addCustomer@@YAXAEAVTaxiCompany@@@Z)
main.obj : error LNK2019: unresolved external symbol "public: char const * __cdecl Customer::getName(void)const " (?getName@Customer@@QEBAPEBDXZ) referenced in function "void __cdecl addCustomer(class TaxiCompany &)" (?addCustomer@@YAXAEAVTaxiCompany@@@Z)
main.obj : error LNK2019: unresolved external symbol "public: char const * __cdecl Customer::getId(void)const " (?getId@Customer@@QEBAPEBDXZ) referenced in function "void __cdecl addCustomer(class TaxiCompany &)" (?addCustomer@@YAXAEAVTaxiCompany@@@Z)
main.obj : error LNK2019: unresolved external symbol "public: __cdecl Driver::Driver(char const *,char const *,char const *,class Ride const * *,int,class Taxi const &)" (??0Driver@@QEAA@PEBD00PEAPEBVRide@@HAEBVTaxi@@@Z) referenced in function "void __cdecl addDriver(class TaxiCompany &)" (?addDriver@@YAXAEAVTaxiCompany@@@Z)
main.obj : error LNK2019: unresolved external symbol "public: virtual __cdecl Driver::~Driver(void)" (??1Driver@@UEAA@XZ) referenced in function "void __cdecl addDriver(class TaxiCompany &)" (?addDriver@@YAXAEAVTaxiCompany@@@Z)
main.obj : error LNK2019: unresolved external symbol "public: char const * __cdecl Driver::getName(void)const " (?getName@Driver@@QEBAPEBDXZ) referenced in function "void __cdecl addCustomer(class TaxiCompany &)" (?addCustomer@@YAXAEAVTaxiCompany@@@Z)
main.obj : error LNK2019: unresolved external symbol "public: char const * __cdecl Driver::getId(void)const " (?getId@Driver@@QEBAPEBDXZ) referenced in function "void __cdecl addDriver(class TaxiCompany &)" (?addDriver@@YAXAEAVTaxiCompany@@@Z)
main.obj : error LNK2019: unresolved external symbol "public: __cdecl Ride::Ride(int,int,int,class Address const &,class Address const &,class Payment const &,class Customer &,class Driver &)" (??0Ride@@QEAA@HHHAEBVAddress@@0AEBVPayment@@AEAVCustomer@@AEAVDriver@@@Z) referenced in function "class Ride & __cdecl addRide(class TaxiCompany &,class Customer &)" (?addRide@@YAAEAVRide@@AEAVTaxiCompany@@AEAVCustomer@@@Z)
main.obj : error LNK2019: unresolved external symbol "public: class Payment __cdecl Ride::getPayment(void)const " (?getPayment@Ride@@QEBA?AVPayment@@XZ) referenced in function "class Ride & __cdecl addRide(class TaxiCompany &,class Customer &)" (?addRide@@YAAEAVRide@@AEAVTaxiCompany@@AEAVCustomer@@@Z)
main.obj : error LNK2019: unresolved external symbol "public: void __cdecl Ride::getRidePrice(void)" (?getRidePrice@Ride@@QEAAXXZ) referenced in function "class Ride & __cdecl addRide(class TaxiCompany &,class Customer &)" (?addRide@@YAAEAVRide@@AEAVTaxiCompany@@AEAVCustomer@@@Z)
main.obj : error LNK2019: unresolved external symbol "public: __cdecl Date::Date(int,int,int)" (??0Date@@QEAA@HHH@Z) referenced in function "void __cdecl addTripReservation(class TaxiCompany &)" (?addTripReservation@@YAXAEAVTaxiCompany@@@Z)
main.obj : error LNK2019: unresolved external symbol "public: bool __cdecl Date::setDay(int)" (?setDay@Date@@QEAA_NH@Z) referenced in function "void __cdecl addTripReservation(class TaxiCompany &)" (?addTripReservation@@YAXAEAVTaxiCompany@@@Z)
main.obj : error LNK2019: unresolved external symbol "public: bool __cdecl Date::setMonth(int)" (?setMonth@Date@@QEAA_NH@Z) referenced in function "void __cdecl addTripReservation(class TaxiCompany &)" (?addTripReservation@@YAXAEAVTaxiCompany@@@Z)
main.obj : error LNK2019: unresolved external symbol "public: bool __cdecl Date::setYear(int)" (?setYear@Date@@QEAA_NH@Z) referenced in function "void __cdecl addTripReservation(class TaxiCompany &)" (?addTripReservation@@YAXAEAVTaxiCompany@@@Z)
main.obj : error LNK2019: unresolved external symbol "public: __cdecl TripReservation::TripReservation(class Ride const &,class Date const &)" (??0TripReservation@@QEAA@AEBVRide@@AEBVDate@@@Z) referenced in function "void __cdecl addTripReservation(class TaxiCompany &)" (?addTripReservation@@YAXAEAVTaxiCompany@@@Z)
main.obj : error LNK2019: unresolved external symbol "public: __cdecl CustomerDriver::CustomerDriver(char const *,char const *,class Customer const &,class Driver const &)" (??0CustomerDriver@@QEAA@PEBD0AEBVCustomer@@AEBVDriver@@@Z) referenced in function "void __cdecl addCustomer(class TaxiCompany &)" (?addCustomer@@YAXAEAVTaxiCompany@@@Z)
main.obj : error LNK2019: unresolved external symbol "public: __cdecl TaxiCompany::TaxiCompany(char const *,class Address &,int,class Driver * *,int,class Taxi *,int,class Customer *,int,class Ride *,int,class TripReservation *,int,class CustomerDriver *)" (??0TaxiCompany@@QEAA@PEBDAEAVAddress@@HPEAPEAVDriver@@HPEAVTaxi@@HPEAVCustomer@@HPEAVRide@@HPEAVTripReservation@@HPEAVCustomerDriver@@@Z) referenced in function "class TaxiCompany * __cdecl initCompany(void)" (?initCompany@@YAPEAVTaxiCompany@@XZ)
main.obj : error LNK2019: unresolved external symbol "public: int __cdecl TaxiCompany::getDriversCount(void)const " (?getDriversCount@TaxiCompany@@QEBAHXZ) referenced in function "void __cdecl addCustomer(class TaxiCompany &)" (?addCustomer@@YAXAEAVTaxiCompany@@@Z)
main.obj : error LNK2019: unresolved external symbol "public: class Driver * * __cdecl TaxiCompany::getDriversArr(void)const " (?getDriversArr@TaxiCompany@@QEBAPEAPEAVDriver@@XZ) referenced in function "void __cdecl addCustomer(class TaxiCompany &)" (?addCustomer@@YAXAEAVTaxiCompany@@@Z)
main.obj : error LNK2019: unresolved external symbol "public: int __cdecl TaxiCompany::getCustomerCount(void)const " (?getCustomerCount@TaxiCompany@@QEBAHXZ) referenced in function "void __cdecl addDriver(class TaxiCompany &)" (?addDriver@@YAXAEAVTaxiCompany@@@Z)
main.obj : error LNK2019: unresolved external symbol "public: class Customer * __cdecl TaxiCompany::getCustomerArr(void)const " (?getCustomerArr@TaxiCompany@@QEBAPEAVCustomer@@XZ) referenced in function "void __cdecl addDriver(class TaxiCompany &)" (?addDriver@@YAXAEAVTaxiCompany@@@Z)
main.obj : error LNK2019: unresolved external symbol "public: void __cdecl TaxiCompany::addTaxi(class Taxi &)" (?addTaxi@TaxiCompany@@QEAAXAEAVTaxi@@@Z) referenced in function "class Taxi & __cdecl addTaxi(class TaxiCompany &)" (?addTaxi@@YAAEAVTaxi@@AEAVTaxiCompany@@@Z)
main.obj : error LNK2019: unresolved external symbol "public: void __cdecl TaxiCompany::addDriver(class Driver &)" (?addDriver@TaxiCompany@@QEAAXAEAVDriver@@@Z) referenced in function "void __cdecl addDriver(class TaxiCompany &)" (?addDriver@@YAXAEAVTaxiCompany@@@Z)
main.obj : error LNK2019: unresolved external symbol "public: void __cdecl TaxiCompany::addCustomer(class Customer &)" (?addCustomer@TaxiCompany@@QEAAXAEAVCustomer@@@Z) referenced in function "void __cdecl addCustomer(class TaxiCompany &)" (?addCustomer@@YAXAEAVTaxiCompany@@@Z)
main.obj : error LNK2019: unresolved external symbol "public: void __cdecl TaxiCompany::addRide(class Ride &)" (?addRide@TaxiCompany@@QEAAXAEAVRide@@@Z) referenced in function main
main.obj : error LNK2019: unresolved external symbol "public: void __cdecl TaxiCompany::addTripReservation(class TripReservation &)" (?addTripReservation@TaxiCompany@@QEAAXAEAVTripReservation@@@Z) referenced in function "void __cdecl addTripReservation(class TaxiCompany &)" (?addTripReservation@@YAXAEAVTaxiCompany@@@Z)
main.obj : error LNK2019: unresolved external symbol "public: void __cdecl TaxiCompany::addCustomerDriver(class Customer &)" (?addCustomerDriver@TaxiCompany@@QEAAXAEAVCustomer@@@Z) referenced in function "void __cdecl addCustomer(class TaxiCompany &)" (?addCustomer@@YAXAEAVTaxiCompany@@@Z)
main.obj : error LNK2019: unresolved external symbol "public: void __cdecl TaxiCompany::calculateIncome(void)" (?calculateIncome@TaxiCompany@@QEAAXXZ) referenced in function main
main.obj : error LNK2019: unresolved external symbol "public: void __cdecl TaxiCompany::printTaxiCompany(void)" (?printTaxiCompany@TaxiCompany@@QEAAXXZ) referenced in function main
main.obj : error LNK2019: unresolved external symbol "public: void __cdecl TaxiCompany::printAllTripReservation(void)" (?printAllTripReservation@TaxiCompany@@QEAAXXZ) referenced in function main
main.obj : error LNK2019: unresolved external symbol "public: void __cdecl TaxiCompany::printAllRides(void)" (?printAllRides@TaxiCompany@@QEAAXXZ) referenced in function main
main.obj : error LNK2019: unresolved external symbol "public: void __cdecl TaxiCompany::printAllCustomerDrivers(void)" (?printAllCustomerDrivers@TaxiCompany@@QEAAXXZ) referenced in function main
main.obj : error LNK2019: unresolved external symbol "public: void __cdecl TaxiCompany::printAllCustomers(void)" (?printAllCustomers@TaxiCompany@@QEAAXXZ) referenced in function main
main.obj : error LNK2019: unresolved external symbol "public: void __cdecl TaxiCompany::printAllDrivers(void)" (?printAllDrivers@TaxiCompany@@QEAAXXZ) referenced in function "class Driver * __cdecl addDriverForRide(class TaxiCompany &,int)" (?addDriverForRide@@YAPEAVDriver@@AEAVTaxiCompany@@H@Z)
main.obj : error LNK2019: unresolved external symbol "public: class Customer * __cdecl TaxiCompany::findCustomerByName(char const *)" (?findCustomerByName@TaxiCompany@@QEAAPEAVCustomer@@PEBD@Z) referenced in function "void __cdecl addDriver(class TaxiCompany &)" (?addDriver@@YAXAEAVTaxiCompany@@@Z)
main.obj : error LNK2019: unresolved external symbol "public: class Driver * __cdecl TaxiCompany::findDriverByName(char const *)" (?findDriverByName@TaxiCompany@@QEAAPEAVDriver@@PEBD@Z) referenced in function "void __cdecl addCustomer(class TaxiCompany &)" (?addCustomer@@YAXAEAVTaxiCompany@@@Z)
main.obj : error LNK2019: unresolved external symbol "public: bool __cdecl TaxiCompany::CheckTaxi(class Driver &,int)" (?CheckTaxi@TaxiCompany@@QEAA_NAEAVDriver@@H@Z) referenced in function "class Driver * __cdecl addDriverForRide(class TaxiCompany &,int)" (?addDriverForRide@@YAPEAVDriver@@AEAVTaxiCompany@@H@Z)
main.obj : error LNK2019: unresolved external symbol "public: __cdecl Minibus::Minibus(char const *,char const *)" (??0Minibus@@QEAA@PEBD0@Z) referenced in function "class Taxi & __cdecl addTaxi(class TaxiCompany &)" (?addTaxi@@YAAEAVTaxi@@AEAVTaxiCompany@@@Z)
C:\Users\orika\Desktop\לימודים\שנה ב סמסטר ב\++c\חלק 1\TaxiCompany_Peleg_Asraf_Ori_Katz\x64\Debug\TaxiCompany.exe : fatal error LNK1120: 44 unresolved externals
